<?xml version="1.0" encoding="UTF-8"?>
<testsuite xmlns:xsi="http://www.w3.org/2001/XMLSchema-instance" xsi:noNamespaceSchemaLocation="https://maven.apache.org/surefire/maven-surefire-plugin/xsd/surefire-test-report.xsd" name="upctx.qi_back_end.QiBackEndApplicationTests" time="11.6" tests="1" errors="0" skipped="0" failures="0">
  <properties>
    <property name="gopherProxySet" value="false"/>
    <property name="awt.toolkit" value="sun.lwawt.macosx.LWCToolkit"/>
    <property name="file.encoding.pkg" value="sun.io"/>
    <property name="java.specification.version" value="1.8"/>
    <property name="sun.cpu.isalist" value=""/>
    <property name="sun.jnu.encoding" value="UTF-8"/>
    <property name="java.class.path" value="/Users/zlatan/Documents/gitee/qi_back_end/target/test-classes:/Users/zlatan/Documents/gitee/qi_back_end/target/classes:/Library/Maven/apache-maven-3.5.4/repository/org/springframework/boot/spring-boot-starter-data-jpa/2.0.4.RELEASE/spring-boot-starter-data-jpa-2.0.4.RELEASE.jar:/Library/Maven/apache-maven-3.5.4/repository/org/springframework/boot/spring-boot-starter/2.0.4.RELEASE/spring-boot-starter-2.0.4.RELEASE.jar:/Library/Maven/apache-maven-3.5.4/repository/org/springframework/boot/spring-boot-starter-logging/2.0.4.RELEASE/spring-boot-starter-logging-2.0.4.RELEASE.jar:/Library/Maven/apache-maven-3.5.4/repository/ch/qos/logback/logback-classic/1.2.3/logback-classic-1.2.3.jar:/Library/Maven/apache-maven-3.5.4/repository/ch/qos/logback/logback-core/1.2.3/logback-core-1.2.3.jar:/Library/Maven/apache-maven-3.5.4/repository/org/apache/logging/log4j/log4j-to-slf4j/2.10.0/log4j-to-slf4j-2.10.0.jar:/Library/Maven/apache-maven-3.5.4/repository/org/apache/logging/log4j/log4j-api/2.10.0/log4j-api-2.10.0.jar:/Library/Maven/apache-maven-3.5.4/repository/org/slf4j/jul-to-slf4j/1.7.25/jul-to-slf4j-1.7.25.jar:/Library/Maven/apache-maven-3.5.4/repository/org/yaml/snakeyaml/1.19/snakeyaml-1.19.jar:/Library/Maven/apache-maven-3.5.4/repository/org/hibernate/hibernate-core/5.2.17.Final/hibernate-core-5.2.17.Final.jar:/Library/Maven/apache-maven-3.5.4/repository/org/jboss/logging/jboss-logging/3.3.2.Final/jboss-logging-3.3.2.Final.jar:/Library/Maven/apache-maven-3.5.4/repository/org/hibernate/javax/persistence/hibernate-jpa-2.1-api/1.0.2.Final/hibernate-jpa-2.1-api-1.0.2.Final.jar:/Library/Maven/apache-maven-3.5.4/repository/org/javassist/javassist/3.22.0-GA/javassist-3.22.0-GA.jar:/Library/Maven/apache-maven-3.5.4/repository/antlr/antlr/2.7.7/antlr-2.7.7.jar:/Library/Maven/apache-maven-3.5.4/repository/org/jboss/jandex/2.0.3.Final/jandex-2.0.3.Final.jar:/Library/Maven/apache-maven-3.5.4/repository/dom4j/dom4j/1.6.1/dom4j-1.6.1.jar:/Library/Maven/apache-maven-3.5.4/repository/org/hibernate/common/hibernate-commons-annotations/5.0.1.Final/hibernate-commons-annotations-5.0.1.Final.jar:/Library/Maven/apache-maven-3.5.4/repository/javax/transaction/javax.transaction-api/1.2/javax.transaction-api-1.2.jar:/Library/Maven/apache-maven-3.5.4/repository/org/springframework/data/spring-data-jpa/2.0.9.RELEASE/spring-data-jpa-2.0.9.RELEASE.jar:/Library/Maven/apache-maven-3.5.4/repository/org/springframework/data/spring-data-commons/2.0.9.RELEASE/spring-data-commons-2.0.9.RELEASE.jar:/Library/Maven/apache-maven-3.5.4/repository/org/springframework/spring-orm/5.0.8.RELEASE/spring-orm-5.0.8.RELEASE.jar:/Library/Maven/apache-maven-3.5.4/repository/org/springframework/spring-tx/5.0.8.RELEASE/spring-tx-5.0.8.RELEASE.jar:/Library/Maven/apache-maven-3.5.4/repository/org/springframework/spring-beans/5.0.8.RELEASE/spring-beans-5.0.8.RELEASE.jar:/Library/Maven/apache-maven-3.5.4/repository/org/springframework/spring-aspects/5.0.8.RELEASE/spring-aspects-5.0.8.RELEASE.jar:/Library/Maven/apache-maven-3.5.4/repository/org/springframework/boot/spring-boot-starter-jdbc/2.0.4.RELEASE/spring-boot-starter-jdbc-2.0.4.RELEASE.jar:/Library/Maven/apache-maven-3.5.4/repository/com/zaxxer/HikariCP/2.7.9/HikariCP-2.7.9.jar:/Library/Maven/apache-maven-3.5.4/repository/org/springframework/spring-jdbc/5.0.8.RELEASE/spring-jdbc-5.0.8.RELEASE.jar:/Library/Maven/apache-maven-3.5.4/repository/org/springframework/boot/spring-boot-starter-mail/2.0.4.RELEASE/spring-boot-starter-mail-2.0.4.RELEASE.jar:/Library/Maven/apache-maven-3.5.4/repository/org/springframework/spring-context/5.0.8.RELEASE/spring-context-5.0.8.RELEASE.jar:/Library/Maven/apache-maven-3.5.4/repository/org/springframework/spring-expression/5.0.8.RELEASE/spring-expression-5.0.8.RELEASE.jar:/Library/Maven/apache-maven-3.5.4/repository/org/springframework/spring-context-support/5.0.8.RELEASE/spring-context-support-5.0.8.RELEASE.jar:/Library/Maven/apache-maven-3.5.4/repository/com/sun/mail/javax.mail/1.6.1/javax.mail-1.6.1.jar:/Library/Maven/apache-maven-3.5.4/repository/javax/activation/activation/1.1/activation-1.1.jar:/Library/Maven/apache-maven-3.5.4/repository/org/springframework/boot/spring-boot-starter-web/2.0.4.RELEASE/spring-boot-starter-web-2.0.4.RELEASE.jar:/Library/Maven/apache-maven-3.5.4/repository/org/springframework/boot/spring-boot-starter-json/2.0.4.RELEASE/spring-boot-starter-json-2.0.4.RELEASE.jar:/Library/Maven/apache-maven-3.5.4/repository/com/fasterxml/jackson/core/jackson-databind/2.9.6/jackson-databind-2.9.6.jar:/Library/Maven/apache-maven-3.5.4/repository/com/fasterxml/jackson/core/jackson-core/2.9.6/jackson-core-2.9.6.jar:/Library/Maven/apache-maven-3.5.4/repository/com/fasterxml/jackson/datatype/jackson-datatype-jdk8/2.9.6/jackson-datatype-jdk8-2.9.6.jar:/Library/Maven/apache-maven-3.5.4/repository/com/fasterxml/jackson/datatype/jackson-datatype-jsr310/2.9.6/jackson-datatype-jsr310-2.9.6.jar:/Library/Maven/apache-maven-3.5.4/repository/com/fasterxml/jackson/module/jackson-module-parameter-names/2.9.6/jackson-module-parameter-names-2.9.6.jar:/Library/Maven/apache-maven-3.5.4/repository/org/hibernate/validator/hibernate-validator/6.0.11.Final/hibernate-validator-6.0.11.Final.jar:/Library/Maven/apache-maven-3.5.4/repository/javax/validation/validation-api/2.0.1.Final/validation-api-2.0.1.Final.jar:/Library/Maven/apache-maven-3.5.4/repository/org/springframework/spring-web/5.0.8.RELEASE/spring-web-5.0.8.RELEASE.jar:/Library/Maven/apache-maven-3.5.4/repository/org/springframework/spring-webmvc/5.0.8.RELEASE/spring-webmvc-5.0.8.RELEASE.jar:/Library/Maven/apache-maven-3.5.4/repository/org/springframework/boot/spring-boot-starter-aop/2.0.4.RELEASE/spring-boot-starter-aop-2.0.4.RELEASE.jar:/Library/Maven/apache-maven-3.5.4/repository/org/springframework/spring-aop/5.0.8.RELEASE/spring-aop-5.0.8.RELEASE.jar:/Library/Maven/apache-maven-3.5.4/repository/org/aspectj/aspectjweaver/1.8.13/aspectjweaver-1.8.13.jar:/Library/Maven/apache-maven-3.5.4/repository/mysql/mysql-connector-java/5.1.46/mysql-connector-java-5.1.46.jar:/Library/Maven/apache-maven-3.5.4/repository/org/springframework/boot/spring-boot-starter-test/2.0.4.RELEASE/spring-boot-starter-test-2.0.4.RELEASE.jar:/Library/Maven/apache-maven-3.5.4/repository/org/springframework/boot/spring-boot-test/2.0.4.RELEASE/spring-boot-test-2.0.4.RELEASE.jar:/Library/Maven/apache-maven-3.5.4/repository/org/springframework/boot/spring-boot-test-autoconfigure/2.0.4.RELEASE/spring-boot-test-autoconfigure-2.0.4.RELEASE.jar:/Library/Maven/apache-maven-3.5.4/repository/com/jayway/jsonpath/json-path/2.4.0/json-path-2.4.0.jar:/Library/Maven/apache-maven-3.5.4/repository/net/minidev/json-smart/2.3/json-smart-2.3.jar:/Library/Maven/apache-maven-3.5.4/repository/net/minidev/accessors-smart/1.2/accessors-smart-1.2.jar:/Library/Maven/apache-maven-3.5.4/repository/org/ow2/asm/asm/5.0.4/asm-5.0.4.jar:/Library/Maven/apache-maven-3.5.4/repository/junit/junit/4.12/junit-4.12.jar:/Library/Maven/apache-maven-3.5.4/repository/org/assertj/assertj-core/3.9.1/assertj-core-3.9.1.jar:/Library/Maven/apache-maven-3.5.4/repository/org/mockito/mockito-core/2.15.0/mockito-core-2.15.0.jar:/Library/Maven/apache-maven-3.5.4/repository/net/bytebuddy/byte-buddy/1.7.11/byte-buddy-1.7.11.jar:/Library/Maven/apache-maven-3.5.4/repository/net/bytebuddy/byte-buddy-agent/1.7.11/byte-buddy-agent-1.7.11.jar:/Library/Maven/apache-maven-3.5.4/repository/org/objenesis/objenesis/2.6/objenesis-2.6.jar:/Library/Maven/apache-maven-3.5.4/repository/org/hamcrest/hamcrest-core/1.3/hamcrest-core-1.3.jar:/Library/Maven/apache-maven-3.5.4/repository/org/hamcrest/hamcrest-library/1.3/hamcrest-library-1.3.jar:/Library/Maven/apache-maven-3.5.4/repository/org/skyscreamer/jsonassert/1.5.0/jsonassert-1.5.0.jar:/Library/Maven/apache-maven-3.5.4/repository/com/vaadin/external/google/android-json/0.0.20131108.vaadin1/android-json-0.0.20131108.vaadin1.jar:/Library/Maven/apache-maven-3.5.4/repository/org/springframework/spring-core/5.0.8.RELEASE/spring-core-5.0.8.RELEASE.jar:/Library/Maven/apache-maven-3.5.4/repository/org/springframework/spring-jcl/5.0.8.RELEASE/spring-jcl-5.0.8.RELEASE.jar:/Library/Maven/apache-maven-3.5.4/repository/org/springframework/spring-test/5.0.8.RELEASE/spring-test-5.0.8.RELEASE.jar:/Library/Maven/apache-maven-3.5.4/repository/org/xmlunit/xmlunit-core/2.5.1/xmlunit-core-2.5.1.jar:/Library/Maven/apache-maven-3.5.4/repository/org/springframework/boot/spring-boot-devtools/2.0.4.RELEASE/spring-boot-devtools-2.0.4.RELEASE.jar:/Library/Maven/apache-maven-3.5.4/repository/org/springframework/boot/spring-boot/2.0.4.RELEASE/spring-boot-2.0.4.RELEASE.jar:/Library/Maven/apache-maven-3.5.4/repository/org/springframework/boot/spring-boot-autoconfigure/2.0.4.RELEASE/spring-boot-autoconfigure-2.0.4.RELEASE.jar:/Library/Maven/apache-maven-3.5.4/repository/org/springframework/boot/spring-boot-starter-tomcat/2.0.4.RELEASE/spring-boot-starter-tomcat-2.0.4.RELEASE.jar:/Library/Maven/apache-maven-3.5.4/repository/javax/annotation/javax.annotation-api/1.3.2/javax.annotation-api-1.3.2.jar:/Library/Maven/apache-maven-3.5.4/repository/org/apache/tomcat/embed/tomcat-embed-core/8.5.32/tomcat-embed-core-8.5.32.jar:/Library/Maven/apache-maven-3.5.4/repository/org/apache/tomcat/embed/tomcat-embed-el/8.5.32/tomcat-embed-el-8.5.32.jar:/Library/Maven/apache-maven-3.5.4/repository/org/apache/tomcat/embed/tomcat-embed-websocket/8.5.32/tomcat-embed-websocket-8.5.32.jar:/Library/Maven/apache-maven-3.5.4/repository/io/springfox/springfox-swagger2/2.8.0/springfox-swagger2-2.8.0.jar:/Library/Maven/apache-maven-3.5.4/repository/io/swagger/swagger-annotations/1.5.14/swagger-annotations-1.5.14.jar:/Library/Maven/apache-maven-3.5.4/repository/io/swagger/swagger-models/1.5.14/swagger-models-1.5.14.jar:/Library/Maven/apache-maven-3.5.4/repository/com/fasterxml/jackson/core/jackson-annotations/2.9.0/jackson-annotations-2.9.0.jar:/Library/Maven/apache-maven-3.5.4/repository/io/springfox/springfox-spi/2.8.0/springfox-spi-2.8.0.jar:/Library/Maven/apache-maven-3.5.4/repository/io/springfox/springfox-core/2.8.0/springfox-core-2.8.0.jar:/Library/Maven/apache-maven-3.5.4/repository/io/springfox/springfox-schema/2.8.0/springfox-schema-2.8.0.jar:/Library/Maven/apache-maven-3.5.4/repository/io/springfox/springfox-swagger-common/2.8.0/springfox-swagger-common-2.8.0.jar:/Library/Maven/apache-maven-3.5.4/repository/io/springfox/springfox-spring-web/2.8.0/springfox-spring-web-2.8.0.jar:/Library/Maven/apache-maven-3.5.4/repository/org/reflections/reflections/0.9.11/reflections-0.9.11.jar:/Library/Maven/apache-maven-3.5.4/repository/com/google/guava/guava/20.0/guava-20.0.jar:/Library/Maven/apache-maven-3.5.4/repository/com/fasterxml/classmate/1.3.4/classmate-1.3.4.jar:/Library/Maven/apache-maven-3.5.4/repository/org/slf4j/slf4j-api/1.7.25/slf4j-api-1.7.25.jar:/Library/Maven/apache-maven-3.5.4/repository/org/springframework/plugin/spring-plugin-core/1.2.0.RELEASE/spring-plugin-core-1.2.0.RELEASE.jar:/Library/Maven/apache-maven-3.5.4/repository/org/springframework/plugin/spring-plugin-metadata/1.2.0.RELEASE/spring-plugin-metadata-1.2.0.RELEASE.jar:/Library/Maven/apache-maven-3.5.4/repository/org/mapstruct/mapstruct/1.2.0.Final/mapstruct-1.2.0.Final.jar:/Library/Maven/apache-maven-3.5.4/repository/io/springfox/springfox-swagger-ui/2.8.0/springfox-swagger-ui-2.8.0.jar:"/>
    <property name="java.vm.vendor" value="Oracle Corporation"/>
    <property name="sun.arch.data.model" value="64"/>
    <property name="java.vendor.url" value="http://java.oracle.com/"/>
    <property name="user.timezone" value=""/>
    <property name="java.vm.specification.version" value="1.8"/>
    <property name="os.name" value="Mac OS X"/>
    <property name="user.country" value="CN"/>
    <property name="sun.java.launcher" value="SUN_STANDARD"/>
    <property name="sun.boot.library.path" value="/Library/Java/JavaVirtualMachines/jdk1.8.0_171.jdk/Contents/Home/jre/lib"/>
    <property name="sun.java.command" value="/Users/zlatan/Documents/gitee/qi_back_end/target/surefire/surefirebooter2010546383769849336.jar /Users/zlatan/Documents/gitee/qi_back_end/target/surefire 2019-05-16T11-23-40_655-jvmRun1 surefire7648266310968388099tmp surefire_06506144929517846931tmp"/>
    <property name="surefire.test.class.path" value="/Users/zlatan/Documents/gitee/qi_back_end/target/test-classes:/Users/zlatan/Documents/gitee/qi_back_end/target/classes:/Library/Maven/apache-maven-3.5.4/repository/org/springframework/boot/spring-boot-starter-data-jpa/2.0.4.RELEASE/spring-boot-starter-data-jpa-2.0.4.RELEASE.jar:/Library/Maven/apache-maven-3.5.4/repository/org/springframework/boot/spring-boot-starter/2.0.4.RELEASE/spring-boot-starter-2.0.4.RELEASE.jar:/Library/Maven/apache-maven-3.5.4/repository/org/springframework/boot/spring-boot-starter-logging/2.0.4.RELEASE/spring-boot-starter-logging-2.0.4.RELEASE.jar:/Library/Maven/apache-maven-3.5.4/repository/ch/qos/logback/logback-classic/1.2.3/logback-classic-1.2.3.jar:/Library/Maven/apache-maven-3.5.4/repository/ch/qos/logback/logback-core/1.2.3/logback-core-1.2.3.jar:/Library/Maven/apache-maven-3.5.4/repository/org/apache/logging/log4j/log4j-to-slf4j/2.10.0/log4j-to-slf4j-2.10.0.jar:/Library/Maven/apache-maven-3.5.4/repository/org/apache/logging/log4j/log4j-api/2.10.0/log4j-api-2.10.0.jar:/Library/Maven/apache-maven-3.5.4/repository/org/slf4j/jul-to-slf4j/1.7.25/jul-to-slf4j-1.7.25.jar:/Library/Maven/apache-maven-3.5.4/repository/org/yaml/snakeyaml/1.19/snakeyaml-1.19.jar:/Library/Maven/apache-maven-3.5.4/repository/org/hibernate/hibernate-core/5.2.17.Final/hibernate-core-5.2.17.Final.jar:/Library/Maven/apache-maven-3.5.4/repository/org/jboss/logging/jboss-logging/3.3.2.Final/jboss-logging-3.3.2.Final.jar:/Library/Maven/apache-maven-3.5.4/repository/org/hibernate/javax/persistence/hibernate-jpa-2.1-api/1.0.2.Final/hibernate-jpa-2.1-api-1.0.2.Final.jar:/Library/Maven/apache-maven-3.5.4/repository/org/javassist/javassist/3.22.0-GA/javassist-3.22.0-GA.jar:/Library/Maven/apache-maven-3.5.4/repository/antlr/antlr/2.7.7/antlr-2.7.7.jar:/Library/Maven/apache-maven-3.5.4/repository/org/jboss/jandex/2.0.3.Final/jandex-2.0.3.Final.jar:/Library/Maven/apache-maven-3.5.4/repository/dom4j/dom4j/1.6.1/dom4j-1.6.1.jar:/Library/Maven/apache-maven-3.5.4/repository/org/hibernate/common/hibernate-commons-annotations/5.0.1.Final/hibernate-commons-annotations-5.0.1.Final.jar:/Library/Maven/apache-maven-3.5.4/repository/javax/transaction/javax.transaction-api/1.2/javax.transaction-api-1.2.jar:/Library/Maven/apache-maven-3.5.4/repository/org/springframework/data/spring-data-jpa/2.0.9.RELEASE/spring-data-jpa-2.0.9.RELEASE.jar:/Library/Maven/apache-maven-3.5.4/repository/org/springframework/data/spring-data-commons/2.0.9.RELEASE/spring-data-commons-2.0.9.RELEASE.jar:/Library/Maven/apache-maven-3.5.4/repository/org/springframework/spring-orm/5.0.8.RELEASE/spring-orm-5.0.8.RELEASE.jar:/Library/Maven/apache-maven-3.5.4/repository/org/springframework/spring-tx/5.0.8.RELEASE/spring-tx-5.0.8.RELEASE.jar:/Library/Maven/apache-maven-3.5.4/repository/org/springframework/spring-beans/5.0.8.RELEASE/spring-beans-5.0.8.RELEASE.jar:/Library/Maven/apache-maven-3.5.4/repository/org/springframework/spring-aspects/5.0.8.RELEASE/spring-aspects-5.0.8.RELEASE.jar:/Library/Maven/apache-maven-3.5.4/repository/org/springframework/boot/spring-boot-starter-jdbc/2.0.4.RELEASE/spring-boot-starter-jdbc-2.0.4.RELEASE.jar:/Library/Maven/apache-maven-3.5.4/repository/com/zaxxer/HikariCP/2.7.9/HikariCP-2.7.9.jar:/Library/Maven/apache-maven-3.5.4/repository/org/springframework/spring-jdbc/5.0.8.RELEASE/spring-jdbc-5.0.8.RELEASE.jar:/Library/Maven/apache-maven-3.5.4/repository/org/springframework/boot/spring-boot-starter-mail/2.0.4.RELEASE/spring-boot-starter-mail-2.0.4.RELEASE.jar:/Library/Maven/apache-maven-3.5.4/repository/org/springframework/spring-context/5.0.8.RELEASE/spring-context-5.0.8.RELEASE.jar:/Library/Maven/apache-maven-3.5.4/repository/org/springframework/spring-expression/5.0.8.RELEASE/spring-expression-5.0.8.RELEASE.jar:/Library/Maven/apache-maven-3.5.4/repository/org/springframework/spring-context-support/5.0.8.RELEASE/spring-context-support-5.0.8.RELEASE.jar:/Library/Maven/apache-maven-3.5.4/repository/com/sun/mail/javax.mail/1.6.1/javax.mail-1.6.1.jar:/Library/Maven/apache-maven-3.5.4/repository/javax/activation/activation/1.1/activation-1.1.jar:/Library/Maven/apache-maven-3.5.4/repository/org/springframework/boot/spring-boot-starter-web/2.0.4.RELEASE/spring-boot-starter-web-2.0.4.RELEASE.jar:/Library/Maven/apache-maven-3.5.4/repository/org/springframework/boot/spring-boot-starter-json/2.0.4.RELEASE/spring-boot-starter-json-2.0.4.RELEASE.jar:/Library/Maven/apache-maven-3.5.4/repository/com/fasterxml/jackson/core/jackson-databind/2.9.6/jackson-databind-2.9.6.jar:/Library/Maven/apache-maven-3.5.4/repository/com/fasterxml/jackson/core/jackson-core/2.9.6/jackson-core-2.9.6.jar:/Library/Maven/apache-maven-3.5.4/repository/com/fasterxml/jackson/datatype/jackson-datatype-jdk8/2.9.6/jackson-datatype-jdk8-2.9.6.jar:/Library/Maven/apache-maven-3.5.4/repository/com/fasterxml/jackson/datatype/jackson-datatype-jsr310/2.9.6/jackson-datatype-jsr310-2.9.6.jar:/Library/Maven/apache-maven-3.5.4/repository/com/fasterxml/jackson/module/jackson-module-parameter-names/2.9.6/jackson-module-parameter-names-2.9.6.jar:/Library/Maven/apache-maven-3.5.4/repository/org/hibernate/validator/hibernate-validator/6.0.11.Final/hibernate-validator-6.0.11.Final.jar:/Library/Maven/apache-maven-3.5.4/repository/javax/validation/validation-api/2.0.1.Final/validation-api-2.0.1.Final.jar:/Library/Maven/apache-maven-3.5.4/repository/org/springframework/spring-web/5.0.8.RELEASE/spring-web-5.0.8.RELEASE.jar:/Library/Maven/apache-maven-3.5.4/repository/org/springframework/spring-webmvc/5.0.8.RELEASE/spring-webmvc-5.0.8.RELEASE.jar:/Library/Maven/apache-maven-3.5.4/repository/org/springframework/boot/spring-boot-starter-aop/2.0.4.RELEASE/spring-boot-starter-aop-2.0.4.RELEASE.jar:/Library/Maven/apache-maven-3.5.4/repository/org/springframework/spring-aop/5.0.8.RELEASE/spring-aop-5.0.8.RELEASE.jar:/Library/Maven/apache-maven-3.5.4/repository/org/aspectj/aspectjweaver/1.8.13/aspectjweaver-1.8.13.jar:/Library/Maven/apache-maven-3.5.4/repository/mysql/mysql-connector-java/5.1.46/mysql-connector-java-5.1.46.jar:/Library/Maven/apache-maven-3.5.4/repository/org/springframework/boot/spring-boot-starter-test/2.0.4.RELEASE/spring-boot-starter-test-2.0.4.RELEASE.jar:/Library/Maven/apache-maven-3.5.4/repository/org/springframework/boot/spring-boot-test/2.0.4.RELEASE/spring-boot-test-2.0.4.RELEASE.jar:/Library/Maven/apache-maven-3.5.4/repository/org/springframework/boot/spring-boot-test-autoconfigure/2.0.4.RELEASE/spring-boot-test-autoconfigure-2.0.4.RELEASE.jar:/Library/Maven/apache-maven-3.5.4/repository/com/jayway/jsonpath/json-path/2.4.0/json-path-2.4.0.jar:/Library/Maven/apache-maven-3.5.4/repository/net/minidev/json-smart/2.3/json-smart-2.3.jar:/Library/Maven/apache-maven-3.5.4/repository/net/minidev/accessors-smart/1.2/accessors-smart-1.2.jar:/Library/Maven/apache-maven-3.5.4/repository/org/ow2/asm/asm/5.0.4/asm-5.0.4.jar:/Library/Maven/apache-maven-3.5.4/repository/junit/junit/4.12/junit-4.12.jar:/Library/Maven/apache-maven-3.5.4/repository/org/assertj/assertj-core/3.9.1/assertj-core-3.9.1.jar:/Library/Maven/apache-maven-3.5.4/repository/org/mockito/mockito-core/2.15.0/mockito-core-2.15.0.jar:/Library/Maven/apache-maven-3.5.4/repository/net/bytebuddy/byte-buddy/1.7.11/byte-buddy-1.7.11.jar:/Library/Maven/apache-maven-3.5.4/repository/net/bytebuddy/byte-buddy-agent/1.7.11/byte-buddy-agent-1.7.11.jar:/Library/Maven/apache-maven-3.5.4/repository/org/objenesis/objenesis/2.6/objenesis-2.6.jar:/Library/Maven/apache-maven-3.5.4/repository/org/hamcrest/hamcrest-core/1.3/hamcrest-core-1.3.jar:/Library/Maven/apache-maven-3.5.4/repository/org/hamcrest/hamcrest-library/1.3/hamcrest-library-1.3.jar:/Library/Maven/apache-maven-3.5.4/repository/org/skyscreamer/jsonassert/1.5.0/jsonassert-1.5.0.jar:/Library/Maven/apache-maven-3.5.4/repository/com/vaadin/external/google/android-json/0.0.20131108.vaadin1/android-json-0.0.20131108.vaadin1.jar:/Library/Maven/apache-maven-3.5.4/repository/org/springframework/spring-core/5.0.8.RELEASE/spring-core-5.0.8.RELEASE.jar:/Library/Maven/apache-maven-3.5.4/repository/org/springframework/spring-jcl/5.0.8.RELEASE/spring-jcl-5.0.8.RELEASE.jar:/Library/Maven/apache-maven-3.5.4/repository/org/springframework/spring-test/5.0.8.RELEASE/spring-test-5.0.8.RELEASE.jar:/Library/Maven/apache-maven-3.5.4/repository/org/xmlunit/xmlunit-core/2.5.1/xmlunit-core-2.5.1.jar:/Library/Maven/apache-maven-3.5.4/repository/org/springframework/boot/spring-boot-devtools/2.0.4.RELEASE/spring-boot-devtools-2.0.4.RELEASE.jar:/Library/Maven/apache-maven-3.5.4/repository/org/springframework/boot/spring-boot/2.0.4.RELEASE/spring-boot-2.0.4.RELEASE.jar:/Library/Maven/apache-maven-3.5.4/repository/org/springframework/boot/spring-boot-autoconfigure/2.0.4.RELEASE/spring-boot-autoconfigure-2.0.4.RELEASE.jar:/Library/Maven/apache-maven-3.5.4/repository/org/springframework/boot/spring-boot-starter-tomcat/2.0.4.RELEASE/spring-boot-starter-tomcat-2.0.4.RELEASE.jar:/Library/Maven/apache-maven-3.5.4/repository/javax/annotation/javax.annotation-api/1.3.2/javax.annotation-api-1.3.2.jar:/Library/Maven/apache-maven-3.5.4/repository/org/apache/tomcat/embed/tomcat-embed-core/8.5.32/tomcat-embed-core-8.5.32.jar:/Library/Maven/apache-maven-3.5.4/repository/org/apache/tomcat/embed/tomcat-embed-el/8.5.32/tomcat-embed-el-8.5.32.jar:/Library/Maven/apache-maven-3.5.4/repository/org/apache/tomcat/embed/tomcat-embed-websocket/8.5.32/tomcat-embed-websocket-8.5.32.jar:/Library/Maven/apache-maven-3.5.4/repository/io/springfox/springfox-swagger2/2.8.0/springfox-swagger2-2.8.0.jar:/Library/Maven/apache-maven-3.5.4/repository/io/swagger/swagger-annotations/1.5.14/swagger-annotations-1.5.14.jar:/Library/Maven/apache-maven-3.5.4/repository/io/swagger/swagger-models/1.5.14/swagger-models-1.5.14.jar:/Library/Maven/apache-maven-3.5.4/repository/com/fasterxml/jackson/core/jackson-annotations/2.9.0/jackson-annotations-2.9.0.jar:/Library/Maven/apache-maven-3.5.4/repository/io/springfox/springfox-spi/2.8.0/springfox-spi-2.8.0.jar:/Library/Maven/apache-maven-3.5.4/repository/io/springfox/springfox-core/2.8.0/springfox-core-2.8.0.jar:/Library/Maven/apache-maven-3.5.4/repository/io/springfox/springfox-schema/2.8.0/springfox-schema-2.8.0.jar:/Library/Maven/apache-maven-3.5.4/repository/io/springfox/springfox-swagger-common/2.8.0/springfox-swagger-common-2.8.0.jar:/Library/Maven/apache-maven-3.5.4/repository/io/springfox/springfox-spring-web/2.8.0/springfox-spring-web-2.8.0.jar:/Library/Maven/apache-maven-3.5.4/repository/org/reflections/reflections/0.9.11/reflections-0.9.11.jar:/Library/Maven/apache-maven-3.5.4/repository/com/google/guava/guava/20.0/guava-20.0.jar:/Library/Maven/apache-maven-3.5.4/repository/com/fasterxml/classmate/1.3.4/classmate-1.3.4.jar:/Library/Maven/apache-maven-3.5.4/repository/org/slf4j/slf4j-api/1.7.25/slf4j-api-1.7.25.jar:/Library/Maven/apache-maven-3.5.4/repository/org/springframework/plugin/spring-plugin-core/1.2.0.RELEASE/spring-plugin-core-1.2.0.RELEASE.jar:/Library/Maven/apache-maven-3.5.4/repository/org/springframework/plugin/spring-plugin-metadata/1.2.0.RELEASE/spring-plugin-metadata-1.2.0.RELEASE.jar:/Library/Maven/apache-maven-3.5.4/repository/org/mapstruct/mapstruct/1.2.0.Final/mapstruct-1.2.0.Final.jar:/Library/Maven/apache-maven-3.5.4/repository/io/springfox/springfox-swagger-ui/2.8.0/springfox-swagger-ui-2.8.0.jar:"/>
    <property name="sun.cpu.endian" value="little"/>
    <property name="user.home" value="/Users/zlatan"/>
    <property name="user.language" value="zh"/>
    <property name="java.specification.vendor" value="Oracle Corporation"/>
    <property name="java.home" value="/Library/Java/JavaVirtualMachines/jdk1.8.0_171.jdk/Contents/Home/jre"/>
    <property name="basedir" value="/Users/zlatan/Documents/gitee/qi_back_end"/>
    <property name="file.separator" value="/"/>
    <property name="line.separator" value="&#10;"/>
    <property name="java.vm.specification.vendor" value="Oracle Corporation"/>
    <property name="java.specification.name" value="Java Platform API Specification"/>
    <property name="java.awt.graphicsenv" value="sun.awt.CGraphicsEnvironment"/>
    <property name="surefire.real.class.path" value="/Users/zlatan/Documents/gitee/qi_back_end/target/surefire/surefirebooter2010546383769849336.jar"/>
    <property name="sun.boot.class.path" value="/Library/Java/JavaVirtualMachines/jdk1.8.0_171.jdk/Contents/Home/jre/lib/resources.jar:/Library/Java/JavaVirtualMachines/jdk1.8.0_171.jdk/Contents/Home/jre/lib/rt.jar:/Library/Java/JavaVirtualMachines/jdk1.8.0_171.jdk/Contents/Home/jre/lib/sunrsasign.jar:/Library/Java/JavaVirtualMachines/jdk1.8.0_171.jdk/Contents/Home/jre/lib/jsse.jar:/Library/Java/JavaVirtualMachines/jdk1.8.0_171.jdk/Contents/Home/jre/lib/jce.jar:/Library/Java/JavaVirtualMachines/jdk1.8.0_171.jdk/Contents/Home/jre/lib/charsets.jar:/Library/Java/JavaVirtualMachines/jdk1.8.0_171.jdk/Contents/Home/jre/lib/jfr.jar:/Library/Java/JavaVirtualMachines/jdk1.8.0_171.jdk/Contents/Home/jre/classes"/>
    <property name="sun.management.compiler" value="HotSpot 64-Bit Tiered Compilers"/>
    <property name="java.runtime.version" value="1.8.0_171-b11"/>
    <property name="user.name" value="zlatan"/>
    <property name="path.separator" value=":"/>
    <property name="os.version" value="10.14.3"/>
    <property name="java.endorsed.dirs" value="/Library/Java/JavaVirtualMachines/jdk1.8.0_171.jdk/Contents/Home/jre/lib/endorsed"/>
    <property name="java.runtime.name" value="Java(TM) SE Runtime Environment"/>
    <property name="file.encoding" value="US-ASCII"/>
    <property name="java.vm.name" value="Java HotSpot(TM) 64-Bit Server VM"/>
    <property name="localRepository" value="/Library/Maven/apache-maven-3.5.4/repository"/>
    <property name="java.vendor.url.bug" value="http://bugreport.sun.com/bugreport/"/>
    <property name="java.io.tmpdir" value="/var/folders/97/fbp2d7bn0jndmj83nb438zzw0000gn/T/"/>
    <property name="idea.version" value="2018.2.7"/>
    <property name="java.version" value="1.8.0_171"/>
    <property name="user.dir" value="/Users/zlatan/Documents/gitee/qi_back_end"/>
    <property name="os.arch" value="x86_64"/>
    <property name="java.vm.specification.name" value="Java Virtual Machine Specification"/>
    <property name="java.awt.printerjob" value="sun.lwawt.macosx.CPrinterJob"/>
    <property name="sun.os.patch.level" value="unknown"/>
    <property name="java.library.path" value="/Users/zlatan/Library/Java/Extensions:/Library/Java/Extensions:/Network/Library/Java/Extensions:/System/Library/Java/Extensions:/usr/lib/java:."/>
    <property name="java.vm.info" value="mixed mode"/>
    <property name="java.vendor" value="Oracle Corporation"/>
    <property name="java.vm.version" value="25.171-b11"/>
    <property name="java.ext.dirs" value="/Users/zlatan/Library/Java/Extensions:/Library/Java/JavaVirtualMachines/jdk1.8.0_171.jdk/Contents/Home/jre/lib/ext:/Library/Java/Extensions:/Network/Library/Java/Extensions:/System/Library/Java/Extensions:/usr/lib/java"/>
    <property name="sun.io.unicode.encoding" value="UnicodeBig"/>
    <property name="maven.repo.local" value="/Library/Maven/apache-maven-3.5.4/repository"/>
    <property name="java.class.version" value="52.0"/>
  </properties>
  <testcase name="contextLoads" classname="upctx.qi_back_end.QiBackEndApplicationTests" time="0.344"/>
</testsuite>