<?xml version="1.0" encoding="UTF-8"?>
<testsuite xmlns:xsi="http://www.w3.org/2001/XMLSchema-instance" xsi:noNamespaceSchemaLocation="https://maven.apache.org/surefire/maven-surefire-plugin/xsd/surefire-test-report.xsd" name="upctx.qi_back_end.util.SendRegMailUtilTest" time="0" tests="1" errors="0" skipped="0" failures="0">
  <properties>
    <property name="sun.desktop" value="windows"/>
    <property name="awt.toolkit" value="sun.awt.windows.WToolkit"/>
    <property name="file.encoding.pkg" value="sun.io"/>
    <property name="java.specification.version" value="1.8"/>
    <property name="sun.cpu.isalist" value="amd64"/>
    <property name="sun.jnu.encoding" value="GBK"/>
    <property name="java.class.path" value="E:\Summer\ucai_back_end\target\test-classes;E:\Summer\ucai_back_end\target\classes;F:\Maven\apache-maven-3.6.1\repository\org\springframework\boot\spring-boot-starter-data-jpa\2.0.4.RELEASE\spring-boot-starter-data-jpa-2.0.4.RELEASE.jar;F:\Maven\apache-maven-3.6.1\repository\org\springframework\boot\spring-boot-starter\2.0.4.RELEASE\spring-boot-starter-2.0.4.RELEASE.jar;F:\Maven\apache-maven-3.6.1\repository\org\springframework\boot\spring-boot-starter-logging\2.0.4.RELEASE\spring-boot-starter-logging-2.0.4.RELEASE.jar;F:\Maven\apache-maven-3.6.1\repository\ch\qos\logback\logback-classic\1.2.3\logback-classic-1.2.3.jar;F:\Maven\apache-maven-3.6.1\repository\ch\qos\logback\logback-core\1.2.3\logback-core-1.2.3.jar;F:\Maven\apache-maven-3.6.1\repository\org\apache\logging\log4j\log4j-to-slf4j\2.10.0\log4j-to-slf4j-2.10.0.jar;F:\Maven\apache-maven-3.6.1\repository\org\apache\logging\log4j\log4j-api\2.10.0\log4j-api-2.10.0.jar;F:\Maven\apache-maven-3.6.1\repository\org\slf4j\jul-to-slf4j\1.7.25\jul-to-slf4j-1.7.25.jar;F:\Maven\apache-maven-3.6.1\repository\org\yaml\snakeyaml\1.19\snakeyaml-1.19.jar;F:\Maven\apache-maven-3.6.1\repository\org\hibernate\hibernate-core\5.2.17.Final\hibernate-core-5.2.17.Final.jar;F:\Maven\apache-maven-3.6.1\repository\org\jboss\logging\jboss-logging\3.3.2.Final\jboss-logging-3.3.2.Final.jar;F:\Maven\apache-maven-3.6.1\repository\org\hibernate\javax\persistence\hibernate-jpa-2.1-api\1.0.2.Final\hibernate-jpa-2.1-api-1.0.2.Final.jar;F:\Maven\apache-maven-3.6.1\repository\org\javassist\javassist\3.22.0-GA\javassist-3.22.0-GA.jar;F:\Maven\apache-maven-3.6.1\repository\antlr\antlr\2.7.7\antlr-2.7.7.jar;F:\Maven\apache-maven-3.6.1\repository\org\jboss\jandex\2.0.3.Final\jandex-2.0.3.Final.jar;F:\Maven\apache-maven-3.6.1\repository\dom4j\dom4j\1.6.1\dom4j-1.6.1.jar;F:\Maven\apache-maven-3.6.1\repository\org\hibernate\common\hibernate-commons-annotations\5.0.1.Final\hibernate-commons-annotations-5.0.1.Final.jar;F:\Maven\apache-maven-3.6.1\repository\javax\transaction\javax.transaction-api\1.2\javax.transaction-api-1.2.jar;F:\Maven\apache-maven-3.6.1\repository\org\springframework\data\spring-data-jpa\2.0.9.RELEASE\spring-data-jpa-2.0.9.RELEASE.jar;F:\Maven\apache-maven-3.6.1\repository\org\springframework\data\spring-data-commons\2.0.9.RELEASE\spring-data-commons-2.0.9.RELEASE.jar;F:\Maven\apache-maven-3.6.1\repository\org\springframework\spring-orm\5.0.8.RELEASE\spring-orm-5.0.8.RELEASE.jar;F:\Maven\apache-maven-3.6.1\repository\org\springframework\spring-tx\5.0.8.RELEASE\spring-tx-5.0.8.RELEASE.jar;F:\Maven\apache-maven-3.6.1\repository\org\springframework\spring-beans\5.0.8.RELEASE\spring-beans-5.0.8.RELEASE.jar;F:\Maven\apache-maven-3.6.1\repository\org\springframework\spring-aspects\5.0.8.RELEASE\spring-aspects-5.0.8.RELEASE.jar;F:\Maven\apache-maven-3.6.1\repository\org\springframework\boot\spring-boot-starter-jdbc\2.0.4.RELEASE\spring-boot-starter-jdbc-2.0.4.RELEASE.jar;F:\Maven\apache-maven-3.6.1\repository\com\zaxxer\HikariCP\2.7.9\HikariCP-2.7.9.jar;F:\Maven\apache-maven-3.6.1\repository\org\springframework\spring-jdbc\5.0.8.RELEASE\spring-jdbc-5.0.8.RELEASE.jar;F:\Maven\apache-maven-3.6.1\repository\org\springframework\boot\spring-boot-starter-mail\2.0.4.RELEASE\spring-boot-starter-mail-2.0.4.RELEASE.jar;F:\Maven\apache-maven-3.6.1\repository\org\springframework\spring-context\5.0.8.RELEASE\spring-context-5.0.8.RELEASE.jar;F:\Maven\apache-maven-3.6.1\repository\org\springframework\spring-expression\5.0.8.RELEASE\spring-expression-5.0.8.RELEASE.jar;F:\Maven\apache-maven-3.6.1\repository\org\springframework\spring-context-support\5.0.8.RELEASE\spring-context-support-5.0.8.RELEASE.jar;F:\Maven\apache-maven-3.6.1\repository\com\sun\mail\javax.mail\1.6.1\javax.mail-1.6.1.jar;F:\Maven\apache-maven-3.6.1\repository\javax\activation\activation\1.1\activation-1.1.jar;F:\Maven\apache-maven-3.6.1\repository\org\springframework\boot\spring-boot-starter-web\2.0.4.RELEASE\spring-boot-starter-web-2.0.4.RELEASE.jar;F:\Maven\apache-maven-3.6.1\repository\org\springframework\boot\spring-boot-starter-json\2.0.4.RELEASE\spring-boot-starter-json-2.0.4.RELEASE.jar;F:\Maven\apache-maven-3.6.1\repository\com\fasterxml\jackson\core\jackson-databind\2.9.6\jackson-databind-2.9.6.jar;F:\Maven\apache-maven-3.6.1\repository\com\fasterxml\jackson\core\jackson-core\2.9.6\jackson-core-2.9.6.jar;F:\Maven\apache-maven-3.6.1\repository\com\fasterxml\jackson\datatype\jackson-datatype-jdk8\2.9.6\jackson-datatype-jdk8-2.9.6.jar;F:\Maven\apache-maven-3.6.1\repository\com\fasterxml\jackson\datatype\jackson-datatype-jsr310\2.9.6\jackson-datatype-jsr310-2.9.6.jar;F:\Maven\apache-maven-3.6.1\repository\com\fasterxml\jackson\module\jackson-module-parameter-names\2.9.6\jackson-module-parameter-names-2.9.6.jar;F:\Maven\apache-maven-3.6.1\repository\org\hibernate\validator\hibernate-validator\6.0.11.Final\hibernate-validator-6.0.11.Final.jar;F:\Maven\apache-maven-3.6.1\repository\javax\validation\validation-api\2.0.1.Final\validation-api-2.0.1.Final.jar;F:\Maven\apache-maven-3.6.1\repository\org\springframework\spring-web\5.0.8.RELEASE\spring-web-5.0.8.RELEASE.jar;F:\Maven\apache-maven-3.6.1\repository\org\springframework\spring-webmvc\5.0.8.RELEASE\spring-webmvc-5.0.8.RELEASE.jar;F:\Maven\apache-maven-3.6.1\repository\org\springframework\boot\spring-boot-starter-aop\2.0.4.RELEASE\spring-boot-starter-aop-2.0.4.RELEASE.jar;F:\Maven\apache-maven-3.6.1\repository\org\springframework\spring-aop\5.0.8.RELEASE\spring-aop-5.0.8.RELEASE.jar;F:\Maven\apache-maven-3.6.1\repository\org\aspectj\aspectjweaver\1.8.13\aspectjweaver-1.8.13.jar;F:\Maven\apache-maven-3.6.1\repository\mysql\mysql-connector-java\5.1.46\mysql-connector-java-5.1.46.jar;F:\Maven\apache-maven-3.6.1\repository\org\springframework\boot\spring-boot-starter-test\2.0.4.RELEASE\spring-boot-starter-test-2.0.4.RELEASE.jar;F:\Maven\apache-maven-3.6.1\repository\org\springframework\boot\spring-boot-test\2.0.4.RELEASE\spring-boot-test-2.0.4.RELEASE.jar;F:\Maven\apache-maven-3.6.1\repository\org\springframework\boot\spring-boot-test-autoconfigure\2.0.4.RELEASE\spring-boot-test-autoconfigure-2.0.4.RELEASE.jar;F:\Maven\apache-maven-3.6.1\repository\com\jayway\jsonpath\json-path\2.4.0\json-path-2.4.0.jar;F:\Maven\apache-maven-3.6.1\repository\net\minidev\json-smart\2.3\json-smart-2.3.jar;F:\Maven\apache-maven-3.6.1\repository\net\minidev\accessors-smart\1.2\accessors-smart-1.2.jar;F:\Maven\apache-maven-3.6.1\repository\org\ow2\asm\asm\5.0.4\asm-5.0.4.jar;F:\Maven\apache-maven-3.6.1\repository\junit\junit\4.12\junit-4.12.jar;F:\Maven\apache-maven-3.6.1\repository\org\assertj\assertj-core\3.9.1\assertj-core-3.9.1.jar;F:\Maven\apache-maven-3.6.1\repository\org\mockito\mockito-core\2.15.0\mockito-core-2.15.0.jar;F:\Maven\apache-maven-3.6.1\repository\net\bytebuddy\byte-buddy\1.7.11\byte-buddy-1.7.11.jar;F:\Maven\apache-maven-3.6.1\repository\net\bytebuddy\byte-buddy-agent\1.7.11\byte-buddy-agent-1.7.11.jar;F:\Maven\apache-maven-3.6.1\repository\org\objenesis\objenesis\2.6\objenesis-2.6.jar;F:\Maven\apache-maven-3.6.1\repository\org\hamcrest\hamcrest-core\1.3\hamcrest-core-1.3.jar;F:\Maven\apache-maven-3.6.1\repository\org\hamcrest\hamcrest-library\1.3\hamcrest-library-1.3.jar;F:\Maven\apache-maven-3.6.1\repository\org\skyscreamer\jsonassert\1.5.0\jsonassert-1.5.0.jar;F:\Maven\apache-maven-3.6.1\repository\com\vaadin\external\google\android-json\0.0.20131108.vaadin1\android-json-0.0.20131108.vaadin1.jar;F:\Maven\apache-maven-3.6.1\repository\org\springframework\spring-core\5.0.8.RELEASE\spring-core-5.0.8.RELEASE.jar;F:\Maven\apache-maven-3.6.1\repository\org\springframework\spring-jcl\5.0.8.RELEASE\spring-jcl-5.0.8.RELEASE.jar;F:\Maven\apache-maven-3.6.1\repository\org\springframework\spring-test\5.0.8.RELEASE\spring-test-5.0.8.RELEASE.jar;F:\Maven\apache-maven-3.6.1\repository\org\xmlunit\xmlunit-core\2.5.1\xmlunit-core-2.5.1.jar;F:\Maven\apache-maven-3.6.1\repository\org\springframework\boot\spring-boot-devtools\2.0.4.RELEASE\spring-boot-devtools-2.0.4.RELEASE.jar;F:\Maven\apache-maven-3.6.1\repository\org\springframework\boot\spring-boot\2.0.4.RELEASE\spring-boot-2.0.4.RELEASE.jar;F:\Maven\apache-maven-3.6.1\repository\org\springframework\boot\spring-boot-autoconfigure\2.0.4.RELEASE\spring-boot-autoconfigure-2.0.4.RELEASE.jar;F:\Maven\apache-maven-3.6.1\repository\org\springframework\boot\spring-boot-starter-tomcat\2.0.4.RELEASE\spring-boot-starter-tomcat-2.0.4.RELEASE.jar;F:\Maven\apache-maven-3.6.1\repository\javax\annotation\javax.annotation-api\1.3.2\javax.annotation-api-1.3.2.jar;F:\Maven\apache-maven-3.6.1\repository\org\apache\tomcat\embed\tomcat-embed-core\8.5.32\tomcat-embed-core-8.5.32.jar;F:\Maven\apache-maven-3.6.1\repository\org\apache\tomcat\embed\tomcat-embed-el\8.5.32\tomcat-embed-el-8.5.32.jar;F:\Maven\apache-maven-3.6.1\repository\org\apache\tomcat\embed\tomcat-embed-websocket\8.5.32\tomcat-embed-websocket-8.5.32.jar;F:\Maven\apache-maven-3.6.1\repository\io\springfox\springfox-swagger2\2.8.0\springfox-swagger2-2.8.0.jar;F:\Maven\apache-maven-3.6.1\repository\io\swagger\swagger-annotations\1.5.14\swagger-annotations-1.5.14.jar;F:\Maven\apache-maven-3.6.1\repository\io\swagger\swagger-models\1.5.14\swagger-models-1.5.14.jar;F:\Maven\apache-maven-3.6.1\repository\com\fasterxml\jackson\core\jackson-annotations\2.9.0\jackson-annotations-2.9.0.jar;F:\Maven\apache-maven-3.6.1\repository\io\springfox\springfox-spi\2.8.0\springfox-spi-2.8.0.jar;F:\Maven\apache-maven-3.6.1\repository\io\springfox\springfox-core\2.8.0\springfox-core-2.8.0.jar;F:\Maven\apache-maven-3.6.1\repository\io\springfox\springfox-schema\2.8.0\springfox-schema-2.8.0.jar;F:\Maven\apache-maven-3.6.1\repository\io\springfox\springfox-swagger-common\2.8.0\springfox-swagger-common-2.8.0.jar;F:\Maven\apache-maven-3.6.1\repository\io\springfox\springfox-spring-web\2.8.0\springfox-spring-web-2.8.0.jar;F:\Maven\apache-maven-3.6.1\repository\org\reflections\reflections\0.9.11\reflections-0.9.11.jar;F:\Maven\apache-maven-3.6.1\repository\com\google\guava\guava\20.0\guava-20.0.jar;F:\Maven\apache-maven-3.6.1\repository\com\fasterxml\classmate\1.3.4\classmate-1.3.4.jar;F:\Maven\apache-maven-3.6.1\repository\org\slf4j\slf4j-api\1.7.25\slf4j-api-1.7.25.jar;F:\Maven\apache-maven-3.6.1\repository\org\springframework\plugin\spring-plugin-core\1.2.0.RELEASE\spring-plugin-core-1.2.0.RELEASE.jar;F:\Maven\apache-maven-3.6.1\repository\org\springframework\plugin\spring-plugin-metadata\1.2.0.RELEASE\spring-plugin-metadata-1.2.0.RELEASE.jar;F:\Maven\apache-maven-3.6.1\repository\org\mapstruct\mapstruct\1.2.0.Final\mapstruct-1.2.0.Final.jar;F:\Maven\apache-maven-3.6.1\repository\io\springfox\springfox-swagger-ui\2.8.0\springfox-swagger-ui-2.8.0.jar;"/>
    <property name="java.vm.vendor" value="Oracle Corporation"/>
    <property name="sun.arch.data.model" value="64"/>
    <property name="user.variant" value=""/>
    <property name="java.vendor.url" value="http://java.oracle.com/"/>
    <property name="user.timezone" value=""/>
    <property name="java.vm.specification.version" value="1.8"/>
    <property name="os.name" value="Windows 10"/>
    <property name="user.country" value="CN"/>
    <property name="sun.java.launcher" value="SUN_STANDARD"/>
    <property name="sun.boot.library.path" value="F:\JAVA\jre\bin"/>
    <property name="sun.java.command" value="C:\Users\夏夜流沙\AppData\Local\Temp\surefire8422290599389785074\surefirebooter301437453120234010.jar C:\Users\夏夜流沙\AppData\Local\Temp\surefire8422290599389785074 2019-07-17T16-51-42_714-jvmRun1 surefire8302962471101675273tmp surefire_03934476879773670348tmp"/>
    <property name="surefire.test.class.path" value="E:\Summer\ucai_back_end\target\test-classes;E:\Summer\ucai_back_end\target\classes;F:\Maven\apache-maven-3.6.1\repository\org\springframework\boot\spring-boot-starter-data-jpa\2.0.4.RELEASE\spring-boot-starter-data-jpa-2.0.4.RELEASE.jar;F:\Maven\apache-maven-3.6.1\repository\org\springframework\boot\spring-boot-starter\2.0.4.RELEASE\spring-boot-starter-2.0.4.RELEASE.jar;F:\Maven\apache-maven-3.6.1\repository\org\springframework\boot\spring-boot-starter-logging\2.0.4.RELEASE\spring-boot-starter-logging-2.0.4.RELEASE.jar;F:\Maven\apache-maven-3.6.1\repository\ch\qos\logback\logback-classic\1.2.3\logback-classic-1.2.3.jar;F:\Maven\apache-maven-3.6.1\repository\ch\qos\logback\logback-core\1.2.3\logback-core-1.2.3.jar;F:\Maven\apache-maven-3.6.1\repository\org\apache\logging\log4j\log4j-to-slf4j\2.10.0\log4j-to-slf4j-2.10.0.jar;F:\Maven\apache-maven-3.6.1\repository\org\apache\logging\log4j\log4j-api\2.10.0\log4j-api-2.10.0.jar;F:\Maven\apache-maven-3.6.1\repository\org\slf4j\jul-to-slf4j\1.7.25\jul-to-slf4j-1.7.25.jar;F:\Maven\apache-maven-3.6.1\repository\org\yaml\snakeyaml\1.19\snakeyaml-1.19.jar;F:\Maven\apache-maven-3.6.1\repository\org\hibernate\hibernate-core\5.2.17.Final\hibernate-core-5.2.17.Final.jar;F:\Maven\apache-maven-3.6.1\repository\org\jboss\logging\jboss-logging\3.3.2.Final\jboss-logging-3.3.2.Final.jar;F:\Maven\apache-maven-3.6.1\repository\org\hibernate\javax\persistence\hibernate-jpa-2.1-api\1.0.2.Final\hibernate-jpa-2.1-api-1.0.2.Final.jar;F:\Maven\apache-maven-3.6.1\repository\org\javassist\javassist\3.22.0-GA\javassist-3.22.0-GA.jar;F:\Maven\apache-maven-3.6.1\repository\antlr\antlr\2.7.7\antlr-2.7.7.jar;F:\Maven\apache-maven-3.6.1\repository\org\jboss\jandex\2.0.3.Final\jandex-2.0.3.Final.jar;F:\Maven\apache-maven-3.6.1\repository\dom4j\dom4j\1.6.1\dom4j-1.6.1.jar;F:\Maven\apache-maven-3.6.1\repository\org\hibernate\common\hibernate-commons-annotations\5.0.1.Final\hibernate-commons-annotations-5.0.1.Final.jar;F:\Maven\apache-maven-3.6.1\repository\javax\transaction\javax.transaction-api\1.2\javax.transaction-api-1.2.jar;F:\Maven\apache-maven-3.6.1\repository\org\springframework\data\spring-data-jpa\2.0.9.RELEASE\spring-data-jpa-2.0.9.RELEASE.jar;F:\Maven\apache-maven-3.6.1\repository\org\springframework\data\spring-data-commons\2.0.9.RELEASE\spring-data-commons-2.0.9.RELEASE.jar;F:\Maven\apache-maven-3.6.1\repository\org\springframework\spring-orm\5.0.8.RELEASE\spring-orm-5.0.8.RELEASE.jar;F:\Maven\apache-maven-3.6.1\repository\org\springframework\spring-tx\5.0.8.RELEASE\spring-tx-5.0.8.RELEASE.jar;F:\Maven\apache-maven-3.6.1\repository\org\springframework\spring-beans\5.0.8.RELEASE\spring-beans-5.0.8.RELEASE.jar;F:\Maven\apache-maven-3.6.1\repository\org\springframework\spring-aspects\5.0.8.RELEASE\spring-aspects-5.0.8.RELEASE.jar;F:\Maven\apache-maven-3.6.1\repository\org\springframework\boot\spring-boot-starter-jdbc\2.0.4.RELEASE\spring-boot-starter-jdbc-2.0.4.RELEASE.jar;F:\Maven\apache-maven-3.6.1\repository\com\zaxxer\HikariCP\2.7.9\HikariCP-2.7.9.jar;F:\Maven\apache-maven-3.6.1\repository\org\springframework\spring-jdbc\5.0.8.RELEASE\spring-jdbc-5.0.8.RELEASE.jar;F:\Maven\apache-maven-3.6.1\repository\org\springframework\boot\spring-boot-starter-mail\2.0.4.RELEASE\spring-boot-starter-mail-2.0.4.RELEASE.jar;F:\Maven\apache-maven-3.6.1\repository\org\springframework\spring-context\5.0.8.RELEASE\spring-context-5.0.8.RELEASE.jar;F:\Maven\apache-maven-3.6.1\repository\org\springframework\spring-expression\5.0.8.RELEASE\spring-expression-5.0.8.RELEASE.jar;F:\Maven\apache-maven-3.6.1\repository\org\springframework\spring-context-support\5.0.8.RELEASE\spring-context-support-5.0.8.RELEASE.jar;F:\Maven\apache-maven-3.6.1\repository\com\sun\mail\javax.mail\1.6.1\javax.mail-1.6.1.jar;F:\Maven\apache-maven-3.6.1\repository\javax\activation\activation\1.1\activation-1.1.jar;F:\Maven\apache-maven-3.6.1\repository\org\springframework\boot\spring-boot-starter-web\2.0.4.RELEASE\spring-boot-starter-web-2.0.4.RELEASE.jar;F:\Maven\apache-maven-3.6.1\repository\org\springframework\boot\spring-boot-starter-json\2.0.4.RELEASE\spring-boot-starter-json-2.0.4.RELEASE.jar;F:\Maven\apache-maven-3.6.1\repository\com\fasterxml\jackson\core\jackson-databind\2.9.6\jackson-databind-2.9.6.jar;F:\Maven\apache-maven-3.6.1\repository\com\fasterxml\jackson\core\jackson-core\2.9.6\jackson-core-2.9.6.jar;F:\Maven\apache-maven-3.6.1\repository\com\fasterxml\jackson\datatype\jackson-datatype-jdk8\2.9.6\jackson-datatype-jdk8-2.9.6.jar;F:\Maven\apache-maven-3.6.1\repository\com\fasterxml\jackson\datatype\jackson-datatype-jsr310\2.9.6\jackson-datatype-jsr310-2.9.6.jar;F:\Maven\apache-maven-3.6.1\repository\com\fasterxml\jackson\module\jackson-module-parameter-names\2.9.6\jackson-module-parameter-names-2.9.6.jar;F:\Maven\apache-maven-3.6.1\repository\org\hibernate\validator\hibernate-validator\6.0.11.Final\hibernate-validator-6.0.11.Final.jar;F:\Maven\apache-maven-3.6.1\repository\javax\validation\validation-api\2.0.1.Final\validation-api-2.0.1.Final.jar;F:\Maven\apache-maven-3.6.1\repository\org\springframework\spring-web\5.0.8.RELEASE\spring-web-5.0.8.RELEASE.jar;F:\Maven\apache-maven-3.6.1\repository\org\springframework\spring-webmvc\5.0.8.RELEASE\spring-webmvc-5.0.8.RELEASE.jar;F:\Maven\apache-maven-3.6.1\repository\org\springframework\boot\spring-boot-starter-aop\2.0.4.RELEASE\spring-boot-starter-aop-2.0.4.RELEASE.jar;F:\Maven\apache-maven-3.6.1\repository\org\springframework\spring-aop\5.0.8.RELEASE\spring-aop-5.0.8.RELEASE.jar;F:\Maven\apache-maven-3.6.1\repository\org\aspectj\aspectjweaver\1.8.13\aspectjweaver-1.8.13.jar;F:\Maven\apache-maven-3.6.1\repository\mysql\mysql-connector-java\5.1.46\mysql-connector-java-5.1.46.jar;F:\Maven\apache-maven-3.6.1\repository\org\springframework\boot\spring-boot-starter-test\2.0.4.RELEASE\spring-boot-starter-test-2.0.4.RELEASE.jar;F:\Maven\apache-maven-3.6.1\repository\org\springframework\boot\spring-boot-test\2.0.4.RELEASE\spring-boot-test-2.0.4.RELEASE.jar;F:\Maven\apache-maven-3.6.1\repository\org\springframework\boot\spring-boot-test-autoconfigure\2.0.4.RELEASE\spring-boot-test-autoconfigure-2.0.4.RELEASE.jar;F:\Maven\apache-maven-3.6.1\repository\com\jayway\jsonpath\json-path\2.4.0\json-path-2.4.0.jar;F:\Maven\apache-maven-3.6.1\repository\net\minidev\json-smart\2.3\json-smart-2.3.jar;F:\Maven\apache-maven-3.6.1\repository\net\minidev\accessors-smart\1.2\accessors-smart-1.2.jar;F:\Maven\apache-maven-3.6.1\repository\org\ow2\asm\asm\5.0.4\asm-5.0.4.jar;F:\Maven\apache-maven-3.6.1\repository\junit\junit\4.12\junit-4.12.jar;F:\Maven\apache-maven-3.6.1\repository\org\assertj\assertj-core\3.9.1\assertj-core-3.9.1.jar;F:\Maven\apache-maven-3.6.1\repository\org\mockito\mockito-core\2.15.0\mockito-core-2.15.0.jar;F:\Maven\apache-maven-3.6.1\repository\net\bytebuddy\byte-buddy\1.7.11\byte-buddy-1.7.11.jar;F:\Maven\apache-maven-3.6.1\repository\net\bytebuddy\byte-buddy-agent\1.7.11\byte-buddy-agent-1.7.11.jar;F:\Maven\apache-maven-3.6.1\repository\org\objenesis\objenesis\2.6\objenesis-2.6.jar;F:\Maven\apache-maven-3.6.1\repository\org\hamcrest\hamcrest-core\1.3\hamcrest-core-1.3.jar;F:\Maven\apache-maven-3.6.1\repository\org\hamcrest\hamcrest-library\1.3\hamcrest-library-1.3.jar;F:\Maven\apache-maven-3.6.1\repository\org\skyscreamer\jsonassert\1.5.0\jsonassert-1.5.0.jar;F:\Maven\apache-maven-3.6.1\repository\com\vaadin\external\google\android-json\0.0.20131108.vaadin1\android-json-0.0.20131108.vaadin1.jar;F:\Maven\apache-maven-3.6.1\repository\org\springframework\spring-core\5.0.8.RELEASE\spring-core-5.0.8.RELEASE.jar;F:\Maven\apache-maven-3.6.1\repository\org\springframework\spring-jcl\5.0.8.RELEASE\spring-jcl-5.0.8.RELEASE.jar;F:\Maven\apache-maven-3.6.1\repository\org\springframework\spring-test\5.0.8.RELEASE\spring-test-5.0.8.RELEASE.jar;F:\Maven\apache-maven-3.6.1\repository\org\xmlunit\xmlunit-core\2.5.1\xmlunit-core-2.5.1.jar;F:\Maven\apache-maven-3.6.1\repository\org\springframework\boot\spring-boot-devtools\2.0.4.RELEASE\spring-boot-devtools-2.0.4.RELEASE.jar;F:\Maven\apache-maven-3.6.1\repository\org\springframework\boot\spring-boot\2.0.4.RELEASE\spring-boot-2.0.4.RELEASE.jar;F:\Maven\apache-maven-3.6.1\repository\org\springframework\boot\spring-boot-autoconfigure\2.0.4.RELEASE\spring-boot-autoconfigure-2.0.4.RELEASE.jar;F:\Maven\apache-maven-3.6.1\repository\org\springframework\boot\spring-boot-starter-tomcat\2.0.4.RELEASE\spring-boot-starter-tomcat-2.0.4.RELEASE.jar;F:\Maven\apache-maven-3.6.1\repository\javax\annotation\javax.annotation-api\1.3.2\javax.annotation-api-1.3.2.jar;F:\Maven\apache-maven-3.6.1\repository\org\apache\tomcat\embed\tomcat-embed-core\8.5.32\tomcat-embed-core-8.5.32.jar;F:\Maven\apache-maven-3.6.1\repository\org\apache\tomcat\embed\tomcat-embed-el\8.5.32\tomcat-embed-el-8.5.32.jar;F:\Maven\apache-maven-3.6.1\repository\org\apache\tomcat\embed\tomcat-embed-websocket\8.5.32\tomcat-embed-websocket-8.5.32.jar;F:\Maven\apache-maven-3.6.1\repository\io\springfox\springfox-swagger2\2.8.0\springfox-swagger2-2.8.0.jar;F:\Maven\apache-maven-3.6.1\repository\io\swagger\swagger-annotations\1.5.14\swagger-annotations-1.5.14.jar;F:\Maven\apache-maven-3.6.1\repository\io\swagger\swagger-models\1.5.14\swagger-models-1.5.14.jar;F:\Maven\apache-maven-3.6.1\repository\com\fasterxml\jackson\core\jackson-annotations\2.9.0\jackson-annotations-2.9.0.jar;F:\Maven\apache-maven-3.6.1\repository\io\springfox\springfox-spi\2.8.0\springfox-spi-2.8.0.jar;F:\Maven\apache-maven-3.6.1\repository\io\springfox\springfox-core\2.8.0\springfox-core-2.8.0.jar;F:\Maven\apache-maven-3.6.1\repository\io\springfox\springfox-schema\2.8.0\springfox-schema-2.8.0.jar;F:\Maven\apache-maven-3.6.1\repository\io\springfox\springfox-swagger-common\2.8.0\springfox-swagger-common-2.8.0.jar;F:\Maven\apache-maven-3.6.1\repository\io\springfox\springfox-spring-web\2.8.0\springfox-spring-web-2.8.0.jar;F:\Maven\apache-maven-3.6.1\repository\org\reflections\reflections\0.9.11\reflections-0.9.11.jar;F:\Maven\apache-maven-3.6.1\repository\com\google\guava\guava\20.0\guava-20.0.jar;F:\Maven\apache-maven-3.6.1\repository\com\fasterxml\classmate\1.3.4\classmate-1.3.4.jar;F:\Maven\apache-maven-3.6.1\repository\org\slf4j\slf4j-api\1.7.25\slf4j-api-1.7.25.jar;F:\Maven\apache-maven-3.6.1\repository\org\springframework\plugin\spring-plugin-core\1.2.0.RELEASE\spring-plugin-core-1.2.0.RELEASE.jar;F:\Maven\apache-maven-3.6.1\repository\org\springframework\plugin\spring-plugin-metadata\1.2.0.RELEASE\spring-plugin-metadata-1.2.0.RELEASE.jar;F:\Maven\apache-maven-3.6.1\repository\org\mapstruct\mapstruct\1.2.0.Final\mapstruct-1.2.0.Final.jar;F:\Maven\apache-maven-3.6.1\repository\io\springfox\springfox-swagger-ui\2.8.0\springfox-swagger-ui-2.8.0.jar;"/>
    <property name="sun.cpu.endian" value="little"/>
    <property name="user.home" value="C:\Users\夏夜流沙"/>
    <property name="user.language" value="zh"/>
    <property name="java.specification.vendor" value="Oracle Corporation"/>
    <property name="java.home" value="F:\JAVA\jre"/>
    <property name="basedir" value="E:\Summer\ucai_back_end"/>
    <property name="file.separator" value="\"/>
    <property name="line.separator" value="&#10;"/>
    <property name="java.vm.specification.vendor" value="Oracle Corporation"/>
    <property name="java.specification.name" value="Java Platform API Specification"/>
    <property name="java.awt.graphicsenv" value="sun.awt.Win32GraphicsEnvironment"/>
    <property name="surefire.real.class.path" value="C:\Users\夏夜流沙\AppData\Local\Temp\surefire8422290599389785074\surefirebooter301437453120234010.jar"/>
    <property name="sun.boot.class.path" value="F:\JAVA\jre\lib\resources.jar;F:\JAVA\jre\lib\rt.jar;F:\JAVA\jre\lib\sunrsasign.jar;F:\JAVA\jre\lib\jsse.jar;F:\JAVA\jre\lib\jce.jar;F:\JAVA\jre\lib\charsets.jar;F:\JAVA\jre\lib\jfr.jar;F:\JAVA\jre\classes"/>
    <property name="user.script" value=""/>
    <property name="sun.management.compiler" value="HotSpot 64-Bit Tiered Compilers"/>
    <property name="java.runtime.version" value="1.8.0_181-b13"/>
    <property name="user.name" value="夏夜流沙"/>
    <property name="path.separator" value=";"/>
    <property name="os.version" value="10.0"/>
    <property name="java.endorsed.dirs" value="F:\JAVA\jre\lib\endorsed"/>
    <property name="java.runtime.name" value="Java(TM) SE Runtime Environment"/>
    <property name="file.encoding" value="GBK"/>
    <property name="java.vm.name" value="Java HotSpot(TM) 64-Bit Server VM"/>
    <property name="localRepository" value="F:\Maven\apache-maven-3.6.1\repository"/>
    <property name="java.vendor.url.bug" value="http://bugreport.sun.com/bugreport/"/>
    <property name="java.io.tmpdir" value="C:\Users\夏夜流沙\AppData\Local\Temp\"/>
    <property name="java.version" value="1.8.0_181"/>
    <property name="user.dir" value="E:\Summer\ucai_back_end"/>
    <property name="os.arch" value="amd64"/>
    <property name="java.vm.specification.name" value="Java Virtual Machine Specification"/>
    <property name="java.awt.printerjob" value="sun.awt.windows.WPrinterJob"/>
    <property name="idea.version2019.1.3" value="true"/>
    <property name="sun.os.patch.level" value=""/>
    <property name="java.library.path" value="F:\JAVA\jre\bin;C:\WINDOWS\Sun\Java\bin;C:\WINDOWS\system32;C:\WINDOWS;F:\Xshell\;C:\Program Files\NVIDIA GPU Computing Toolkit\CUDA\v9.0\bin;C:\Program Files\NVIDIA GPU Computing Toolkit\CUDA\v9.0\libnvvp;C:\Program Files (x86)\Razer Chroma SDK\bin;C:\Program Files\Razer Chroma SDK\bin;C:\Program Files (x86)\Common Files\Oracle\Java\javapath;C:\Program Files (x86)\Intel\Intel(R) Management Engine Components\iCLS\;C:\Program Files\Intel\Intel(R) Management Engine Components\iCLS\;C:\Windows\system32;C:\Windows;C:\Windows\System32\Wbem;C:\Windows\System32\WindowsPowerShell\v1.0\;C:\Program Files (x86)\Intel\Intel(R) Management Engine Components\DAL;C:\Program Files\Intel\Intel(R) Management Engine Components\DAL;C:\Program Files (x86)\Intel\Intel(R) Management Engine Components\IPT;C:\Program Files\Intel\Intel(R) Management Engine Components\IPT;C:\Program Files (x86)\NVIDIA Corporation\PhysX\Common;C:\WINDOWS\system32;C:\WINDOWS;C:\WINDOWS\System32\Wbem;C:\WINDOWS\System32\WindowsPowerShell\v1.0\;C:\WINDOWS\System32\OpenSSH\;F:\JAVA\jdk\bin;F:\JAVA\bin;C:\WINDOWS\system32\config\systemprofile\AppData\Local\Microsoft\WindowsApps;C:\Program Files\dotnet\;C:\Program Files\Microsoft SQL Server\130\Tools\Binn\;E:\Anaconda\pkgs\spyder-3.2.3-py35_0\Lib\site-packages\spyder\utils\site;F:\Git\Git\cmd;F:\node\;F:\Matlab2018\Matlab2017\runtime\win64;F:\Matlab2018\Matlab2017\bin;C:\Program Files (x86)\Yarn\bin\;E:\Anaconda3;E:\Anaconda3\Scripts;E:\Anaconda3\python.exe;C:\Users\夏夜流沙\AppData\Local\Microsoft\WindowsApps;F:\Microsoft VS Code\bin;E:\Anaconda\pkgs\spyder-3.2.3-py35_0\Lib\site-packages\spyder\utils\site;C:\Users\夏夜流沙\AppData\Local\GitHubDesktop\bin;C:\Users\夏夜流沙\AppData\Roaming\npm;C:\Program Files\MySQL\MySQL Server 8.0\bin;C:\Users\夏夜流沙\AppData\Local\Yarn\bin;F:\Maven\apache-maven-3.6.1\bin;C:\Program Files\JetBrains\IntelliJ IDEA 2019.1.3\bin;;;."/>
    <property name="java.vm.info" value="mixed mode"/>
    <property name="java.vendor" value="Oracle Corporation"/>
    <property name="java.vm.version" value="25.181-b13"/>
    <property name="java.ext.dirs" value="F:\JAVA\jre\lib\ext;C:\WINDOWS\Sun\Java\lib\ext"/>
    <property name="sun.io.unicode.encoding" value="UnicodeLittle"/>
    <property name="maven.repo.local" value="F:\Maven\apache-maven-3.6.1\repository"/>
    <property name="java.class.version" value="52.0"/>
  </properties>
  <testcase name="send" classname="upctx.qi_back_end.util.SendRegMailUtilTest" time="0"/>
</testsuite>